[2018-05-28 00:53:51.464][DEBUG][insert][159][logId:] - ==>  Preparing: insert into test(name,sex) values(?,?) 
[2018-05-28 00:53:51.507][DEBUG][insert][159][logId:] - ==> Parameters: liuyang(String), 1(Integer)
[2018-05-28 00:53:51.564][DEBUG][insert][159][logId:] - <==    Updates: 1
[2018-05-28 00:53:51.566][DEBUG][insert][159][logId:] - ==>  Preparing: insert into test2.test(name,sex) values(?,?) 
[2018-05-28 00:53:51.567][DEBUG][insert][159][logId:] - ==> Parameters: liuyang(String), 1(Integer)
[2018-05-28 00:53:51.577][DEBUG][insert][159][logId:] - <==    Updates: 1
[2018-05-28 00:53:51.618][DEBUG][getByName][159][logId:] - ==>  Preparing: select * from test where name like ? 
[2018-05-28 00:53:51.619][DEBUG][getByName][159][logId:] - ==> Parameters: test1(String)
[2018-05-28 00:53:51.642][DEBUG][getByName][159][logId:] - <==      Total: 0
[2018-05-28 00:53:51.648][DEBUG][getByName][159][logId:] - ==>  Preparing: select * from test2.test where name like ? 
[2018-05-28 00:53:51.648][DEBUG][getByName][159][logId:] - ==> Parameters: liuyang(String)
[2018-05-28 00:53:51.656][DEBUG][getByName][159][logId:] - <==      Total: 1
[2018-05-28 00:53:51.658][DEBUG][getByName][159][logId:] - ==>  Preparing: select * from test3.test where name like ? 
[2018-05-28 00:53:51.658][DEBUG][getByName][159][logId:] - ==> Parameters: liuyang1(String)
[2018-05-28 00:53:51.664][DEBUG][getByName][159][logId:] - <==      Total: 0
[2018-05-28 00:53:51.946][DEBUG][insert][159][logId:] - ==>  Preparing: insert into test(name,sex) values(?,?) 
[2018-05-28 00:53:51.947][DEBUG][insert][159][logId:] - ==> Parameters: test1(String), 1(Integer)
[2018-05-28 00:53:51.951][DEBUG][insert][159][logId:] - <==    Updates: 1
[2018-05-28 00:53:51.953][DEBUG][getByName][159][logId:] - ==>  Preparing: select * from test where name like ? 
[2018-05-28 00:53:51.953][DEBUG][getByName][159][logId:] - ==> Parameters: test1(String)
[2018-05-28 00:53:51.954][DEBUG][getByName][159][logId:] - <==      Total: 1
[2018-05-28 00:53:51.960][DEBUG][getByName][159][logId:] - ==>  Preparing: select * from test where name like ? 
[2018-05-28 00:53:51.960][DEBUG][getByName][159][logId:] - ==> Parameters: liuyang(String)
[2018-05-28 00:53:51.963][DEBUG][getByName][159][logId:] - <==      Total: 8
[2018-05-28 00:53:51.964][DEBUG][getByName][159][logId:] - ==>  Preparing: select * from test where name like ? 
[2018-05-28 00:53:51.965][DEBUG][getByName][159][logId:] - ==> Parameters: liu(String)
[2018-05-28 00:53:51.966][DEBUG][getByName][159][logId:] - <==      Total: 0
[2018-05-28 00:53:51.967][DEBUG][getByName][159][logId:] - ==>  Preparing: select * from test2.test where name like ? 
[2018-05-28 00:53:51.968][DEBUG][getByName][159][logId:] - ==> Parameters: lyly(String)
[2018-05-28 00:53:51.969][DEBUG][getByName][159][logId:] - <==      Total: 2
[2018-05-28 00:53:51.971][DEBUG][getByName][159][logId:] - ==>  Preparing: select * from test2.test where name like ? 
[2018-05-28 00:53:51.971][DEBUG][getByName][159][logId:] - ==> Parameters: ly(String)
[2018-05-28 00:53:51.972][DEBUG][getByName][159][logId:] - <==      Total: 0
[2018-05-28 00:53:51.973][DEBUG][insert][159][logId:] - ==>  Preparing: insert into test(name,sex) values(?,?) 
[2018-05-28 00:53:51.974][DEBUG][insert][159][logId:] - ==> Parameters: test(String), 1(Integer)
[2018-05-28 00:53:51.977][DEBUG][insert][159][logId:] - <==    Updates: 1
[2018-05-28 00:53:51.978][DEBUG][insert][159][logId:] - ==>  Preparing: insert into test2.test(name,sex) values(?,?) 
[2018-05-28 00:53:51.978][DEBUG][insert][159][logId:] - ==> Parameters: test(String), 1(Integer)
[2018-05-28 00:53:51.980][DEBUG][insert][159][logId:] - <==    Updates: 1
[2018-05-28 00:58:51.813][DEBUG][insert][159][logId:] - ==>  Preparing: insert into test(name,sex) values(?,?) 
[2018-05-28 00:58:51.842][DEBUG][insert][159][logId:] - ==> Parameters: liuyang(String), 1(Integer)
[2018-05-28 00:58:51.845][DEBUG][insert][159][logId:] - <==    Updates: 1
[2018-05-28 00:58:51.849][DEBUG][insert][159][logId:] - ==>  Preparing: insert into test2.test(name,sex) values(?,?) 
[2018-05-28 00:58:51.852][DEBUG][insert][159][logId:] - ==> Parameters: liuyang(String), 1(Integer)
[2018-05-28 00:58:51.855][DEBUG][insert][159][logId:] - <==    Updates: 1
[2018-05-28 00:58:51.899][DEBUG][getByName][159][logId:] - ==>  Preparing: select * from test where name like ? 
[2018-05-28 00:58:51.900][DEBUG][getByName][159][logId:] - ==> Parameters: test1(String)
[2018-05-28 00:58:51.924][DEBUG][getByName][159][logId:] - <==      Total: 1
[2018-05-28 00:58:51.931][DEBUG][getByName][159][logId:] - ==>  Preparing: select * from test2.test where name like ? 
[2018-05-28 00:58:51.932][DEBUG][getByName][159][logId:] - ==> Parameters: liuyang(String)
[2018-05-28 00:58:51.933][DEBUG][getByName][159][logId:] - <==      Total: 2
[2018-05-28 00:58:51.935][DEBUG][getByName][159][logId:] - ==>  Preparing: select * from test3.test where name like ? 
[2018-05-28 00:58:51.935][DEBUG][getByName][159][logId:] - ==> Parameters: liuyang1(String)
[2018-05-28 00:58:51.936][DEBUG][getByName][159][logId:] - <==      Total: 0
[2018-05-28 00:58:52.195][DEBUG][insert][159][logId:] - ==>  Preparing: insert into test(name,sex) values(?,?) 
[2018-05-28 00:58:52.195][DEBUG][insert][159][logId:] - ==> Parameters: test1(String), 1(Integer)
[2018-05-28 00:58:52.200][DEBUG][insert][159][logId:] - <==    Updates: 1
[2018-05-28 00:58:52.201][DEBUG][getByName][159][logId:] - ==>  Preparing: select * from test where name like ? 
[2018-05-28 00:58:52.202][DEBUG][getByName][159][logId:] - ==> Parameters: test1(String)
[2018-05-28 00:58:52.203][DEBUG][getByName][159][logId:] - <==      Total: 2
[2018-05-28 00:58:52.210][DEBUG][getByName][159][logId:] - ==>  Preparing: select * from test where name like ? 
[2018-05-28 00:58:52.211][DEBUG][getByName][159][logId:] - ==> Parameters: liuyang(String)
[2018-05-28 00:58:52.215][DEBUG][getByName][159][logId:] - <==      Total: 9
[2018-05-28 00:58:52.217][DEBUG][getByName][159][logId:] - ==>  Preparing: select * from test where name like ? 
[2018-05-28 00:58:52.218][DEBUG][getByName][159][logId:] - ==> Parameters: liu(String)
[2018-05-28 00:58:52.220][DEBUG][getByName][159][logId:] - <==      Total: 0
[2018-05-28 00:58:52.221][DEBUG][getByName][159][logId:] - ==>  Preparing: select * from test2.test where name like ? 
[2018-05-28 00:58:52.221][DEBUG][getByName][159][logId:] - ==> Parameters: lyly(String)
[2018-05-28 00:58:52.225][DEBUG][getByName][159][logId:] - <==      Total: 2
[2018-05-28 00:58:52.226][DEBUG][getByName][159][logId:] - ==>  Preparing: select * from test2.test where name like ? 
[2018-05-28 00:58:52.227][DEBUG][getByName][159][logId:] - ==> Parameters: ly(String)
[2018-05-28 00:58:52.229][DEBUG][getByName][159][logId:] - <==      Total: 0
[2018-05-28 00:58:52.233][DEBUG][insert][159][logId:] - ==>  Preparing: insert into test(name,sex) values(?,?) 
[2018-05-28 00:58:52.233][DEBUG][insert][159][logId:] - ==> Parameters: test(String), 1(Integer)
[2018-05-28 00:58:52.235][DEBUG][insert][159][logId:] - <==    Updates: 1
[2018-05-28 00:58:52.236][DEBUG][insert][159][logId:] - ==>  Preparing: insert into test2.test(name,sex) values(?,?) 
[2018-05-28 00:58:52.236][DEBUG][insert][159][logId:] - ==> Parameters: test(String), 1(Integer)
[2018-05-28 00:58:52.238][DEBUG][insert][159][logId:] - <==    Updates: 1
